<?xml version="1.0" encoding="utf-8"?><testsuites name="pytest tests"><testsuite name="pytest" errors="0" failures="0" skipped="0" tests="19" time="7.378" timestamp="2026-07-28T16:36:26.871147+00:00" hostname="agent-env-4a1470da-0ec2-4d8d-8596-60b033f1ed31"><testcase classname="tests.test_iter2_features.TestAgentChat" name="test_agent_chat_general_question" time="2.435" /><testcase classname="tests.test_iter2_features.TestBulkLeads" name="test_bulk_update_status" time="1.038" /><testcase classname="tests.test_iter2_features.TestBulkLeads" name="test_bulk_update_empty_ids_returns_400" time="0.077" /><testcase classname="tests.test_iter2_features.TestBulkLeads" name="test_bulk_delete" time="0.291" /><testcase classname="tests.test_iter2_features.TestBulkLeads" name="test_bulk_delete_empty_ids_returns_400" time="0.067" /><testcase classname="tests.test_iter2_features.TestOutreachSend" name="test_send_without_gmail_creds_returns_500" time="0.274" /><testcase classname="tests.test_iter2_features.TestOutreachSend" name="test_send_without_to_email_returns_400" time="0.134" /><testcase classname="tests.test_iter2_features.TestOutreachSend" name="test_send_lead_not_found" time="0.069" /><testcase classname="tests.test_iter2_features.TestRegression" name="test_login_still_works" time="0.301" /><testcase classname="tests.test_iter2_features.TestRegression" name="test_search_still_works" time="0.070" /><testcase classname="tests.test_iter2_features.TestSettingsExtended" name="test_get_settings_extended_shape" time="0.069" /><testcase classname="tests.test_iter2_features.TestSettingsExtended" name="test_post_gmail_settings_persist_and_partial_update" time="0.530" /><testcase classname="tests.test_iter2_features.TestAgentChat" name="test_agent_chat_session_persistence_and_history" time="1.051" /><testcase classname="tests.test_iter2_features.TestOutreachGenerate" name="test_generate_email_for_hot_lead" time="3.872" /><testcase classname="tests.test_iter2_features.TestAgentChat" name="test_agent_chat_intent_open_page" time="2.115" /><testcase classname="tests.test_iter2_features.TestOutreachListAndStats" name="test_list_outreach" time="0.070" /><testcase classname="tests.test_iter2_features.TestOutreachListAndStats" name="test_outreach_stats_shape" time="0.073" /><testcase classname="tests.test_iter2_features.TestOutreachGenerate" name="test_generate_email_lead_not_found" time="0.066" /><testcase classname="tests.test_iter2_features.TestOutreachPollReplies" name="test_poll_replies_graceful_when_not_configured" time="0.162" /></testsuite></testsuites>