<?xml version="1.0" encoding="utf-8"?><testsuites name="pytest tests"><testsuite name="pytest" errors="0" failures="0" skipped="0" tests="15" time="3.911" timestamp="2026-07-28T16:12:43.468846+00:00" hostname="agent-env-4a1470da-0ec2-4d8d-8596-60b033f1ed31"><testcase classname="tests.backend_test.TestAuth" name="test_login_success" time="0.669" /><testcase classname="tests.backend_test.TestSearchAndLeads" name="test_search_mock_and_persistence" time="1.623" /><testcase classname="tests.backend_test.TestAuth" name="test_login_invalid_password" time="0.288" /><testcase classname="tests.backend_test.TestAuth" name="test_register_new_user" time="0.365" /><testcase classname="tests.backend_test.TestAuth" name="test_me_with_token" time="0.351" /><testcase classname="tests.backend_test.TestSearchAndLeads" name="test_leads_filter_status_and_website" time="0.246" /><testcase classname="tests.backend_test.TestAuth" name="test_me_without_token" time="0.137" /><testcase classname="tests.backend_test.TestSettings" name="test_get_settings_uses_mock" time="0.109" /><testcase classname="tests.backend_test.TestSearchAndLeads" name="test_leads_filter_q" time="0.067" /><testcase classname="tests.backend_test.TestSettings" name="test_post_settings_persists" time="0.691" /><testcase classname="tests.backend_test.TestSearchAndLeads" name="test_lead_patch_and_delete" time="0.828" /><testcase classname="tests.backend_test.TestCategories" name="test_categories_non_empty" time="0.104" /><testcase classname="tests.backend_test.TestAnalytics" name="test_analytics_summary" time="0.137" /><testcase classname="tests.backend_test.TestSearchAndLeads" name="test_export_csv" time="0.112" /><testcase classname="tests.backend_test.TestSchedules" name="test_schedule_crud_and_run" time="0.719" /></testsuite></testsuites>