<?xml version="1.0" encoding="utf-8"?><testsuites name="pytest tests"><testsuite name="pytest" errors="0" failures="0" skipped="0" tests="63" time="18.377" timestamp="2026-07-28T16:55:03.200859+00:00" hostname="agent-env-4a1470da-0ec2-4d8d-8596-60b033f1ed31"><testcase classname="tests.test_iter3_features.TestTemplates" name="test_create_template" time="0.765" /><testcase classname="tests.test_iter3_features.TestABGroups" name="test_create_two_templates_for_ab" time="0.763" /><testcase classname="tests.test_iter3_features.TestTemplates" name="test_list_templates_contains_created" time="0.064" /><testcase classname="tests.test_iter3_features.TestABGroups" name="test_create_ab_group_with_valid_ids" time="0.066" /><testcase classname="tests.test_iter3_features.TestTemplates" name="test_patch_template_partial" time="0.067" /><testcase classname="tests.test_iter3_features.TestABGroups" name="test_create_ab_group_with_invalid_template_id_returns_400" time="0.069" /><testcase classname="tests.test_iter3_features.TestTemplates" name="test_preview_no_lead_uses_sample" time="0.065" /><testcase classname="tests.test_iter3_features.TestABGroups" name="test_list_ab_groups" time="0.140" /><testcase classname="tests.test_iter3_features.TestABGroups" name="test_ab_group_stats_shape" time="0.111" /><testcase classname="tests.test_iter3_features.TestTemplates" name="test_preview_with_lead_id_uses_real_lead" time="0.191" /><testcase classname="tests.test_iter3_features.TestABGroups" name="test_ab_group_stats_not_found" time="0.063" /><testcase classname="tests.test_iter3_features.TestTemplates" name="test_preview_template_not_found" time="0.104" /><testcase classname="tests.test_iter3_features.TestABGroups" name="test_delete_ab_group_not_found" time="0.061" /><testcase classname="tests.test_iter3_features.TestTemplates" name="test_delete_template_at_end" time="0.188" /><testcase classname="tests.test_iter3_features.TestEmailDiscovery" name="test_discover_email_no_website_no_body_returns_400" time="0.205" /><testcase classname="tests.backend_test.TestAuth" name="test_login_success" time="0.391" /><testcase classname="tests.test_iter3_features.TestEmailDiscovery" name="test_discover_email_lead_not_found" time="0.064" /><testcase classname="tests.test_iter3_features.TestEmailDiscovery" name="test_discover_email_example_com_no_crash" time="0.674" /><testcase classname="tests.backend_test.TestAuth" name="test_login_invalid_password" time="0.331" /><testcase classname="tests.backend_test.TestAuth" name="test_register_new_user" time="0.415" /><testcase classname="tests.test_iter3_features.TestEmailDiscovery" name="test_discover_email_persists_website_when_lead_had_none" time="0.333" /><testcase classname="tests.test_iter3_features.TestEmailDiscovery" name="test_discover_email_persists_found_email" time="0.654" /><testcase classname="tests.backend_test.TestAuth" name="test_me_with_token" time="0.362" /><testcase classname="tests.backend_test.TestAuth" name="test_me_without_token" time="0.173" /><testcase classname="tests.test_iter3_features.TestEmailDiscovery" name="test_discover_email_malformed_url_no_crash" time="0.658" /><testcase classname="tests.test_iter2_features.TestBulkLeads" name="test_bulk_update_status" time="0.757" /><testcase classname="tests.test_iter2_features.TestBulkLeads" name="test_bulk_update_empty_ids_returns_400" time="0.073" /><testcase classname="tests.test_iter2_features.TestBulkLeads" name="test_bulk_delete" time="0.480" /><testcase classname="tests.backend_test.TestSearchAndLeads" name="test_search_mock_and_persistence" time="0.504" /><testcase classname="tests.backend_test.TestSearchAndLeads" name="test_leads_filter_status_and_website" time="0.212" /><testcase classname="tests.test_iter2_features.TestBulkLeads" name="test_bulk_delete_empty_ids_returns_400" time="0.066" /><testcase classname="tests.backend_test.TestSearchAndLeads" name="test_leads_filter_q" time="0.070" /><testcase classname="tests.backend_test.TestSearchAndLeads" name="test_lead_patch_and_delete" time="0.709" /><testcase classname="tests.test_iter3_features.TestOutreachSendWithTemplates" name="test_send_with_template_id_persists_template_id" time="1.003" /><testcase classname="tests.backend_test.TestSearchAndLeads" name="test_export_csv" time="0.070" /><testcase classname="tests.test_iter3_features.TestOutreachSendWithTemplates" name="test_send_with_ab_group_picks_variant_and_persists" time="0.570" /><testcase classname="tests.test_iter3_features.TestRegressionIter3" name="test_auth_me" time="0.517" /><testcase classname="tests.test_iter3_features.TestRegressionIter3" name="test_leads_list" time="0.073" /><testcase classname="tests.test_iter3_features.TestRegressionIter3" name="test_outreach_list" time="0.078" /><testcase classname="tests.test_iter3_features.TestOutreachSendWithTemplates" name="test_send_ab_group_not_found_returns_404" time="0.203" /><testcase classname="tests.test_iter3_features.TestRegressionIter3" name="test_settings_shape" time="0.115" /><testcase classname="tests.test_iter3_features.TestOutreachSendWithTemplates" name="test_send_falls_back_to_ai_when_no_template_body" time="5.535" /><testcase classname="tests.test_iter2_features.TestAgentChat" name="test_agent_chat_general_question" time="2.041" /><testcase classname="tests.test_iter2_features.TestAgentChat" name="test_agent_chat_session_persistence_and_history" time="0.942" /><testcase classname="tests.test_iter2_features.TestAgentChat" name="test_agent_chat_intent_open_page" time="1.372" /><testcase classname="tests.backend_test.TestSettings" name="test_get_settings_uses_mock" time="0.087" /><testcase classname="tests.backend_test.TestSettings" name="test_post_settings_persists" time="0.259" /><testcase classname="tests.test_iter2_features.TestRegression" name="test_login_still_works" time="0.391" /><testcase classname="tests.test_iter2_features.TestRegression" name="test_search_still_works" time="0.354" /><testcase classname="tests.test_iter2_features.TestSettingsExtended" name="test_get_settings_extended_shape" time="0.072" /><testcase classname="tests.test_iter2_features.TestSettingsExtended" name="test_post_gmail_settings_persist_and_partial_update" time="1.176" /><testcase classname="tests.test_iter2_features.TestOutreachSend" name="test_send_without_gmail_creds_returns_500" time="1.041" /><testcase classname="tests.test_iter2_features.TestOutreachSend" name="test_send_without_to_email_returns_400" time="0.123" /><testcase classname="tests.test_iter2_features.TestOutreachSend" name="test_send_lead_not_found" time="0.057" /><testcase classname="tests.test_iter2_features.TestOutreachListAndStats" name="test_list_outreach" time="0.061" /><testcase classname="tests.test_iter2_features.TestOutreachGenerate" name="test_generate_email_for_hot_lead" time="4.925" /><testcase classname="tests.test_iter2_features.TestOutreachListAndStats" name="test_outreach_stats_shape" time="0.059" /><testcase classname="tests.backend_test.TestAnalytics" name="test_analytics_summary" time="0.150" /><testcase classname="tests.backend_test.TestSchedules" name="test_schedule_crud_and_run" time="0.572" /><testcase classname="tests.test_iter2_features.TestOutreachPollReplies" name="test_poll_replies_graceful_when_not_configured" time="0.511" /><testcase classname="tests.test_iter3_features.TestDeleteContracts" name="test_delete_template_not_found" time="0.410" /><testcase classname="tests.test_iter2_features.TestOutreachGenerate" name="test_generate_email_lead_not_found" time="0.068" /><testcase classname="tests.backend_test.TestCategories" name="test_categories_non_empty" time="0.065" /></testsuite></testsuites>